# JRE version: OpenJDK Runtime Environment Microsoft-8902769 (17.0.10+7) (build 17.0.10+7-LTS)
# Java VM: OpenJDK 64-Bit Server VM Microsoft-8902769 (17.0.10+7-LTS, mixed mode, sharing, tiered, compressed oops, compressed class ptrs, g1 gc, windows-amd64)
GC Precious Log:
 CPUs: 2 total, 2 available
 Memory: 8092M
 Large Page Support: Disabled
 NUMA Support: Disabled
 Compressed Oops: Enabled (32-bit)
 Heap Region Size: 1M
 Heap Min Capacity: 8M
 Heap Initial Capacity: 128M
 Heap Max Capacity: 2G
 Pre-touch: Disabled
 Parallel Workers: 2
 Concurrent Workers: 1
 Concurrent Refinement Workers: 2
 Periodic GC: Disabled
Heap:
 garbage-first heap   total 129024K, used 66696K [0x0000000080000000, 0x0000000100000000)
  region size 1024K, 1 young (1024K), 1 survivors (1024K)
 Metaspace       used 73247K, committed 74048K, reserved 491520K
  class space    used 10277K, committed 10688K, reserved 425984K
GC Heap History (20 events):
Event: 11.716 GC heap after
{Heap after GC invocations=16 (full 0):
 garbage-first heap   total 107520K, used 45021K [0x0000000080000000, 0x0000000100000000)
  region size 1024K, 6 young (6144K), 6 survivors (6144K)
 Metaspace       used 53752K, committed 54336K, reserved 491520K
  class space    used 7502K, committed 7808K, reserved 425984K
}
Event: 12.441 GC heap before
{Heap before GC invocations=16 (full 0):
 garbage-first heap   total 107520K, used 87005K [0x0000000080000000, 0x0000000100000000)
  region size 1024K, 47 young (48128K), 6 survivors (6144K)
 Metaspace       used 58365K, committed 59008K, reserved 491520K
  class space    used 8161K, committed 8448K, reserved 425984K
}
Event: 12.456 GC heap after
{Heap after GC invocations=17 (full 0):
 garbage-first heap   total 107520K, used 47243K [0x0000000080000000, 0x0000000100000000)
  region size 1024K, 5 young (5120K), 5 survivors (5120K)
 Metaspace       used 58365K, committed 59008K, reserved 491520K
  class space    used 8161K, committed 8448K, reserved 425984K
}
Event: 12.698 GC heap before
{Heap before GC invocations=17 (full 0):
 garbage-first heap   total 107520K, used 60555K [0x0000000080000000, 0x0000000100000000)
  region size 1024K, 19 young (19456K), 5 survivors (5120K)
 Metaspace       used 59505K, committed 60096K, reserved 491520K
  class space    used 8367K, committed 8640K, reserved 425984K
}
Event: 12.707 GC heap after
{Heap after GC invocations=18 (full 0):
 garbage-first heap   total 129024K, used 47756K [0x0000000080000000, 0x0000000100000000)
  region size 1024K, 3 young (3072K), 3 survivors (3072K)
 Metaspace       used 59505K, committed 60096K, reserved 491520K
  class space    used 8367K, committed 8640K, reserved 425984K
}
Event: 15.864 GC heap before
{Heap before GC invocations=19 (full 0):
 garbage-first heap   total 129024K, used 107148K [0x0000000080000000, 0x0000000100000000)
  region size 1024K, 56 young (57344K), 3 survivors (3072K)
 Metaspace       used 62031K, committed 62720K, reserved 491520K
  class space    used 8704K, committed 9024K, reserved 425984K
}
Event: 15.879 GC heap after
{Heap after GC invocations=20 (full 0):
 garbage-first heap   total 129024K, used 59363K [0x0000000080000000, 0x0000000100000000)
  region size 1024K, 7 young (7168K), 7 survivors (7168K)
 Metaspace       used 62031K, committed 62720K, reserved 491520K
  class space    used 8704K, committed 9024K, reserved 425984K
}
Event: 15.899 GC heap before
{Heap before GC invocations=20 (full 0):
 garbage-first heap   total 129024K, used 60387K [0x0000000080000000, 0x0000000100000000)
  region size 1024K, 8 young (8192K), 7 survivors (7168K)
 Metaspace       used 62075K, committed 62720K, reserved 491520K
  class space    used 8710K, committed 9024K, reserved 425984K
}
Event: 15.909 GC heap after
{Heap after GC invocations=21 (full 0):
 garbage-first heap   total 129024K, used 60202K [0x0000000080000000, 0x0000000100000000)
  region size 1024K, 1 young (1024K), 1 survivors (1024K)
 Metaspace       used 62075K, committed 62720K, reserved 491520K
  class space    used 8710K, committed 9024K, reserved 425984K
}
Event: 17.306 GC heap before
{Heap before GC invocations=21 (full 0):
 garbage-first heap   total 129024K, used 104234K [0x0000000080000000, 0x0000000100000000)
  region size 1024K, 44 young (45056K), 1 survivors (1024K)
 Metaspace       used 66052K, committed 66752K, reserved 491520K
  class space    used 9227K, committed 9536K, reserved 425984K
}
Event: 17.312 GC heap after
{Heap after GC invocations=22 (full 0):
 garbage-first heap   total 129024K, used 61378K [0x0000000080000000, 0x0000000100000000)
  region size 1024K, 3 young (3072K), 3 survivors (3072K)
 Metaspace       used 66052K, committed 66752K, reserved 491520K
  class space    used 9227K, committed 9536K, reserved 425984K
}
Event: 18.088 GC heap before
{Heap before GC invocations=23 (full 0):
 garbage-first heap   total 129024K, used 104386K [0x0000000080000000, 0x0000000100000000)
  region size 1024K, 45 young (46080K), 3 survivors (3072K)
 Metaspace       used 69443K, committed 70208K, reserved 491520K
  class space    used 9750K, committed 10112K, reserved 425984K
}
Event: 18.095 GC heap after
{Heap after GC invocations=24 (full 0):
 garbage-first heap   total 129024K, used 62628K [0x0000000080000000, 0x0000000100000000)
  region size 1024K, 4 young (4096K), 4 survivors (4096K)
 Metaspace       used 69443K, committed 70208K, reserved 491520K
  class space    used 9750K, committed 10112K, reserved 425984K
}
Event: 18.129 GC heap before
{Heap before GC invocations=24 (full 0):
 garbage-first heap   total 129024K, used 63652K [0x0000000080000000, 0x0000000100000000)
  region size 1024K, 6 young (6144K), 4 survivors (4096K)
 Metaspace       used 69571K, committed 70336K, reserved 491520K
  class space    used 9765K, committed 10112K, reserved 425984K
}
Event: 18.141 GC heap after
{Heap after GC invocations=25 (full 0):
 garbage-first heap   total 129024K, used 62525K [0x0000000080000000, 0x0000000100000000)
  region size 1024K, 1 young (1024K), 1 survivors (1024K)
 Metaspace       used 69571K, committed 70336K, reserved 491520K
  class space    used 9765K, committed 10112K, reserved 425984K
}
Event: 19.039 GC heap before
{Heap before GC invocations=25 (full 0):
 garbage-first heap   total 129024K, used 105533K [0x0000000080000000, 0x0000000100000000)
  region size 1024K, 43 young (44032K), 1 survivors (1024K)
 Metaspace       used 71793K, committed 72512K, reserved 491520K
  class space    used 10099K, committed 10432K, reserved 425984K
}
Event: 19.045 GC heap after
{Heap after GC invocations=26 (full 0):
 garbage-first heap   total 129024K, used 63956K [0x0000000080000000, 0x0000000100000000)
  region size 1024K, 2 young (2048K), 2 survivors (2048K)
 Metaspace       used 71793K, committed 72512K, reserved 491520K
  class space    used 10099K, committed 10432K, reserved 425984K
}
Event: 20.706 GC heap before
{Heap before GC invocations=27 (full 0):
 garbage-first heap   total 129024K, used 106964K [0x0000000080000000, 0x0000000100000000)
  region size 1024K, 44 young (45056K), 2 survivors (2048K)
 Metaspace       used 73175K, committed 73984K, reserved 491520K
  class space    used 10270K, committed 10688K, reserved 425984K
}
Event: 20.722 GC heap after
{Heap after GC invocations=28 (full 0):
 garbage-first heap   total 129024K, used 66186K [0x0000000080000000, 0x0000000100000000)
  region size 1024K, 5 young (5120K), 5 survivors (5120K)
 Metaspace       used 73175K, committed 73984K, reserved 491520K
  class space    used 10270K, committed 10688K, reserved 425984K
}
Event: 20.757 GC heap before
{Heap before GC invocations=28 (full 0):
 garbage-first heap   total 129024K, used 66186K [0x0000000080000000, 0x0000000100000000)
  region size 1024K, 6 young (6144K), 5 survivors (5120K)
 Metaspace       used 73247K, committed 74048K, reserved 491520K
  class space    used 10277K, committed 10688K, reserved 425984K
}

