# JRE version: OpenJDK Runtime Environment Microsoft-8902769 (17.0.10+7) (build 17.0.10+7-LTS)
# Java VM: OpenJDK 64-Bit Server VM Microsoft-8902769 (17.0.10+7-LTS, mixed mode, sharing, tiered, compressed oops, compressed class ptrs, g1 gc, windows-amd64)
GC Precious Log:
 CPUs: 2 total, 2 available
 Memory: 8092M
 Large Page Support: Disabled
 NUMA Support: Disabled
 Compressed Oops: Enabled (32-bit)
 Heap Region Size: 1M
 Heap Min Capacity: 8M
 Heap Initial Capacity: 128M
 Heap Max Capacity: 2G
 Pre-touch: Disabled
 Parallel Workers: 2
 Concurrent Workers: 1
 Concurrent Refinement Workers: 2
 Periodic GC: Disabled
Heap:
 garbage-first heap   total 156672K, used 90798K [0x0000000080000000, 0x0000000100000000)
  region size 1024K, 1 young (1024K), 1 survivors (1024K)
 Metaspace       used 85953K, committed 86784K, reserved 557056K
  class space    used 11947K, committed 12352K, reserved 425984K
GC Heap History (20 events):
Event: 17.986 GC heap after
{Heap after GC invocations=19 (full 0):
 garbage-first heap   total 156672K, used 54934K [0x0000000080000000, 0x0000000100000000)
  region size 1024K, 9 young (9216K), 9 survivors (9216K)
 Metaspace       used 55698K, committed 56320K, reserved 491520K
  class space    used 7697K, committed 8000K, reserved 425984K
}
Event: 18.559 GC heap before
{Heap before GC invocations=19 (full 0):
 garbage-first heap   total 156672K, used 86678K [0x0000000080000000, 0x0000000100000000)
  region size 1024K, 41 young (41984K), 9 survivors (9216K)
 Metaspace       used 59524K, committed 60096K, reserved 491520K
  class space    used 8235K, committed 8512K, reserved 425984K
}
Event: 18.575 GC heap after
{Heap after GC invocations=20 (full 0):
 garbage-first heap   total 156672K, used 56259K [0x0000000080000000, 0x0000000100000000)
  region size 1024K, 5 young (5120K), 5 survivors (5120K)
 Metaspace       used 59524K, committed 60096K, reserved 491520K
  class space    used 8235K, committed 8512K, reserved 425984K
}
Event: 21.651 GC heap before
{Heap before GC invocations=21 (full 0):
 garbage-first heap   total 156672K, used 127939K [0x0000000080000000, 0x0000000100000000)
  region size 1024K, 76 young (77824K), 5 survivors (5120K)
 Metaspace       used 63452K, committed 64064K, reserved 491520K
  class space    used 8816K, committed 9088K, reserved 425984K
}
Event: 21.670 GC heap after
{Heap after GC invocations=22 (full 0):
 garbage-first heap   total 156672K, used 61811K [0x0000000080000000, 0x0000000100000000)
  region size 1024K, 10 young (10240K), 10 survivors (10240K)
 Metaspace       used 63452K, committed 64064K, reserved 491520K
  class space    used 8816K, committed 9088K, reserved 425984K
}
Event: 21.717 GC heap before
{Heap before GC invocations=22 (full 0):
 garbage-first heap   total 156672K, used 62835K [0x0000000080000000, 0x0000000100000000)
  region size 1024K, 11 young (11264K), 10 survivors (10240K)
 Metaspace       used 63456K, committed 64064K, reserved 491520K
  class space    used 8816K, committed 9088K, reserved 425984K
}
Event: 21.731 GC heap after
{Heap after GC invocations=23 (full 0):
 garbage-first heap   total 156672K, used 62583K [0x0000000080000000, 0x0000000100000000)
  region size 1024K, 1 young (1024K), 1 survivors (1024K)
 Metaspace       used 63456K, committed 64064K, reserved 491520K
  class space    used 8816K, committed 9088K, reserved 425984K
}
Event: 22.126 GC heap before
{Heap before GC invocations=23 (full 0):
 garbage-first heap   total 156672K, used 79991K [0x0000000080000000, 0x0000000100000000)
  region size 1024K, 12 young (12288K), 1 survivors (1024K)
 Metaspace       used 64405K, committed 65024K, reserved 491520K
  class space    used 8933K, committed 9216K, reserved 425984K
}
Event: 22.131 GC heap after
{Heap after GC invocations=24 (full 0):
 garbage-first heap   total 156672K, used 69979K [0x0000000080000000, 0x0000000100000000)
  region size 1024K, 2 young (2048K), 2 survivors (2048K)
 Metaspace       used 64405K, committed 65024K, reserved 491520K
  class space    used 8933K, committed 9216K, reserved 425984K
}
Event: 23.270 GC heap before
{Heap before GC invocations=24 (full 0):
 garbage-first heap   total 156672K, used 131419K [0x0000000080000000, 0x0000000100000000)
  region size 1024K, 59 young (60416K), 2 survivors (2048K)
 Metaspace       used 71900K, committed 72576K, reserved 491520K
  class space    used 10233K, committed 10560K, reserved 425984K
}
Event: 23.275 GC heap after
{Heap after GC invocations=25 (full 0):
 garbage-first heap   total 156672K, used 63504K [0x0000000080000000, 0x0000000100000000)
  region size 1024K, 2 young (2048K), 2 survivors (2048K)
 Metaspace       used 71900K, committed 72576K, reserved 491520K
  class space    used 10233K, committed 10560K, reserved 425984K
}
Event: 24.373 GC heap before
{Heap before GC invocations=25 (full 0):
 garbage-first heap   total 156672K, used 129040K [0x0000000080000000, 0x0000000100000000)
  region size 1024K, 66 young (67584K), 2 survivors (2048K)
 Metaspace       used 79873K, committed 80640K, reserved 557056K
  class space    used 11233K, committed 11648K, reserved 425984K
}
Event: 24.381 GC heap after
{Heap after GC invocations=26 (full 0):
 garbage-first heap   total 156672K, used 65812K [0x0000000080000000, 0x0000000100000000)
  region size 1024K, 5 young (5120K), 5 survivors (5120K)
 Metaspace       used 79873K, committed 80640K, reserved 557056K
  class space    used 11233K, committed 11648K, reserved 425984K
}
Event: 25.016 GC heap before
{Heap before GC invocations=26 (full 0):
 garbage-first heap   total 156672K, used 133396K [0x0000000080000000, 0x0000000100000000)
  region size 1024K, 64 young (65536K), 5 survivors (5120K)
 Metaspace       used 82938K, committed 83776K, reserved 557056K
  class space    used 11567K, committed 11968K, reserved 425984K
}
Event: 25.053 GC heap after
{Heap after GC invocations=27 (full 0):
 garbage-first heap   total 156672K, used 79423K [0x0000000080000000, 0x0000000100000000)
  region size 1024K, 9 young (9216K), 9 survivors (9216K)
 Metaspace       used 82938K, committed 83776K, reserved 557056K
  class space    used 11567K, committed 11968K, reserved 425984K
}
Event: 25.875 GC heap before
{Heap before GC invocations=28 (full 0):
 garbage-first heap   total 156672K, used 124479K [0x0000000080000000, 0x0000000100000000)
  region size 1024K, 51 young (52224K), 9 survivors (9216K)
 Metaspace       used 85728K, committed 86528K, reserved 557056K
  class space    used 11926K, committed 12288K, reserved 425984K
}
Event: 25.903 GC heap after
{Heap after GC invocations=29 (full 0):
 garbage-first heap   total 156672K, used 83968K [0x0000000080000000, 0x0000000100000000)
  region size 1024K, 6 young (6144K), 6 survivors (6144K)
 Metaspace       used 85728K, committed 86528K, reserved 557056K
  class space    used 11926K, committed 12288K, reserved 425984K
}
Event: 25.931 GC heap before
{Heap before GC invocations=29 (full 0):
 garbage-first heap   total 156672K, used 92160K [0x0000000080000000, 0x0000000100000000)
  region size 1024K, 7 young (7168K), 6 survivors (6144K)
 Metaspace       used 85814K, committed 86592K, reserved 557056K
  class space    used 11939K, committed 12288K, reserved 425984K
}
Event: 25.942 GC heap after
{Heap after GC invocations=30 (full 0):
 garbage-first heap   total 156672K, used 91136K [0x0000000080000000, 0x0000000100000000)
  region size 1024K, 1 young (1024K), 1 survivors (1024K)
 Metaspace       used 85814K, committed 86592K, reserved 557056K
  class space    used 11939K, committed 12288K, reserved 425984K
}
Event: 25.989 GC heap before
{Heap before GC invocations=30 (full 0):
 garbage-first heap   total 156672K, used 93184K [0x0000000080000000, 0x0000000100000000)
  region size 1024K, 4 young (4096K), 1 survivors (1024K)
 Metaspace       used 85953K, committed 86784K, reserved 557056K
  class space    used 11947K, committed 12352K, reserved 425984K
}

